<?xml version="1.0" encoding="UTF-8"?>
<!-- Generated by org.testng.reporters.JUnitReportReporter -->
<testsuite hostname="Jykra-PC1" name="org.ytframework.testscripts.TC03" tests="1" failures="0" timestamp="9 Jun 2020 10:34:02 GMT" time="63.163" errors="0">
  <testcase name="testcase3" time="63.163" classname="org.ytframework.testscripts.TC03"/>
</testsuite> <!-- org.ytframework.testscripts.TC03 -->
