<?xml version="1.0" encoding="UTF-8"?>
<!-- Generated by org.testng.reporters.JUnitReportReporter -->
<testsuite hostname="Jykra-PC1" name="org.ytframework.testscripts.TC07" tests="1" failures="0" timestamp="9 Jun 2020 10:34:02 GMT" time="72.798" errors="0">
  <testcase name="testcase7" time="72.798" classname="org.ytframework.testscripts.TC07"/>
</testsuite> <!-- org.ytframework.testscripts.TC07 -->
