<?xml version="1.0" encoding="UTF-8"?>
<!-- Generated by org.testng.reporters.JUnitReportReporter -->
<testsuite hostname="Jykra-PC1" name="org.ytframework.testscripts.TC05" tests="1" failures="0" timestamp="9 Jun 2020 10:34:02 GMT" time="60.097" errors="0">
  <testcase name="testcase5" time="60.097" classname="org.ytframework.testscripts.TC05"/>
</testsuite> <!-- org.ytframework.testscripts.TC05 -->
