<?xml version="1.0" encoding="UTF-8"?>
<!-- Generated by org.testng.reporters.JUnitReportReporter -->
<testsuite hostname="Jykra-PC1" name="org.ytframework.testscripts.TC04" tests="1" failures="0" timestamp="9 Jun 2020 10:34:02 GMT" time="57.852" errors="0">
  <testcase name="testcase4" time="57.852" classname="org.ytframework.testscripts.TC04"/>
</testsuite> <!-- org.ytframework.testscripts.TC04 -->
